0 info it worked if it ends with ok
1 verbose cli [ '/Users/stu/.nvm/versions/node/v4.2.2/bin/node',
1 verbose cli   '/Users/stu/.nvm/versions/node/v4.2.2/bin/npm',
1 verbose cli   'publish',
1 verbose cli   './' ]
2 info using npm@2.14.7
3 info using node@v4.2.2
4 verbose publish [ './' ]
5 silly cache add args [ './', null ]
6 verbose cache add spec ./
7 silly cache add parsed spec Result {
7 silly cache add   raw: './',
7 silly cache add   scope: null,
7 silly cache add   name: null,
7 silly cache add   rawSpec: './',
7 silly cache add   spec: '/Users/stu/Documents/repos/titler',
7 silly cache add   type: 'directory' }
8 verbose addLocalDirectory /Users/stu/.npm/titler/1.0.0/package.tgz not in flight; packing
9 verbose tar pack [ '/Users/stu/.npm/titler/1.0.0/package.tgz',
9 verbose tar pack   '/Users/stu/Documents/repos/titler' ]
10 verbose tarball /Users/stu/.npm/titler/1.0.0/package.tgz
11 verbose folder /Users/stu/Documents/repos/titler
12 info prepublish titler@1.0.0
13 verbose addLocalTarball adding from inside cache /Users/stu/.npm/titler/1.0.0/package.tgz
14 silly cache afterAdd titler@1.0.0
15 verbose afterAdd /Users/stu/.npm/titler/1.0.0/package/package.json not in flight; writing
16 verbose afterAdd /Users/stu/.npm/titler/1.0.0/package/package.json written
17 silly publish { name: 'titler',
17 silly publish   version: '1.0.0',
17 silly publish   description: 'Easily set the documents title',
17 silly publish   main: 'index.js',
17 silly publish   scripts: { test: 'npm test' },
17 silly publish   repository: { type: 'git', url: 'git://github.com/compstak/titler.git' },
17 silly publish   keywords: [ 'document', 'title', 'alert' ],
17 silly publish   author: { name: 'Stu Kabakoff', email: 'stuart@compstak.com' },
17 silly publish   license: 'MIT',
17 silly publish   bugs: { url: 'https://github.com/compstak/titler/issues' },
17 silly publish   homepage: 'https://github.com/compstak/titler#readme',
17 silly publish   readme: '# Titler\n\nThis compact library helps you change the title of the document and flash notification messages.\n\n## Basic Usage\n\n```javascript\nvar titler = require(\'titler\');\n\ntitler.setApp(\'AppName\'); // title is \'AppName\'\ntitler.setPage(\'Home\'); // title is \'AppName | Home\'\ntitler.setModifier(\'On The Range\'); // title is \'AppName | Home | On The Range\'\ntitler.setSeparator(\': \'); // title is \'AppName: Home: On The Range\'\n\ntitler.flash(\'Where the deer and the buffalo roam\'); // title is \'Where the deer and the buffalo roam\' for 5 seconds, then resets\n```\n\n',
17 silly publish   readmeFilename: 'README.md',
17 silly publish   gitHead: '76f552a3202449a490a4f3a53325bebfd4a4b2d5',
17 silly publish   _id: 'titler@1.0.0',
17 silly publish   _shasum: '64606c309051063a7351b110601c43b961e7545e',
17 silly publish   _from: '.' }
18 verbose getPublishConfig undefined
19 silly mapToRegistry name titler
20 silly mapToRegistry using default registry
21 silly mapToRegistry registry https://registry.npmjs.org/
22 silly mapToRegistry uri https://registry.npmjs.org/titler
23 verbose publish registryBase https://registry.npmjs.org/
24 silly publish uploading /Users/stu/.npm/titler/1.0.0/package.tgz
25 verbose request uri https://registry.npmjs.org/titler
26 verbose request sending authorization for write operation
27 info attempt registry request try #1 at 2:17:48 PM
28 verbose request id 5c83938446456df2
29 http request PUT https://registry.npmjs.org/titler
30 http 403 https://registry.npmjs.org/titler
31 verbose headers { 'content-type': 'application/json',
31 verbose headers   'cache-control': 'max-age=300',
31 verbose headers   'content-length': '98',
31 verbose headers   'accept-ranges': 'bytes',
31 verbose headers   date: 'Thu, 17 Dec 2015 19:17:49 GMT',
31 verbose headers   via: '1.1 varnish',
31 verbose headers   connection: 'keep-alive',
31 verbose headers   'x-served-by': 'cache-jfk1039-JFK',
31 verbose headers   'x-cache': 'MISS',
31 verbose headers   'x-cache-hits': '0',
31 verbose headers   'x-timer': 'S1450379868.606819,VS0,VE767' }
32 verbose request invalidating /Users/stu/.npm/registry.npmjs.org/titler on PUT
33 error publish Failed PUT 403
34 verbose stack Error: You do not have permission to publish 'titler'. Are you logged in as the correct user? : titler
34 verbose stack     at makeError (/Users/stu/.nvm/versions/node/v4.2.2/lib/node_modules/npm/node_modules/npm-registry-client/lib/request.js:264:12)
34 verbose stack     at CachingRegistryClient.<anonymous> (/Users/stu/.nvm/versions/node/v4.2.2/lib/node_modules/npm/node_modules/npm-registry-client/lib/request.js:252:14)
34 verbose stack     at Request._callback (/Users/stu/.nvm/versions/node/v4.2.2/lib/node_modules/npm/node_modules/npm-registry-client/lib/request.js:172:14)
34 verbose stack     at Request.self.callback (/Users/stu/.nvm/versions/node/v4.2.2/lib/node_modules/npm/node_modules/request/request.js:198:22)
34 verbose stack     at emitTwo (events.js:87:13)
34 verbose stack     at Request.emit (events.js:172:7)
34 verbose stack     at Request.<anonymous> (/Users/stu/.nvm/versions/node/v4.2.2/lib/node_modules/npm/node_modules/request/request.js:1063:14)
34 verbose stack     at emitOne (events.js:82:20)
34 verbose stack     at Request.emit (events.js:169:7)
34 verbose stack     at IncomingMessage.<anonymous> (/Users/stu/.nvm/versions/node/v4.2.2/lib/node_modules/npm/node_modules/request/request.js:1009:12)
35 verbose statusCode 403
36 verbose pkgid titler
37 verbose cwd /Users/stu/Documents/repos/titler
38 error Darwin 15.2.0
39 error argv "/Users/stu/.nvm/versions/node/v4.2.2/bin/node" "/Users/stu/.nvm/versions/node/v4.2.2/bin/npm" "publish" "./"
40 error node v4.2.2
41 error npm  v2.14.7
42 error code E403
43 error You do not have permission to publish 'titler'. Are you logged in as the correct user? : titler
44 error If you need help, you may report this error at:
44 error     <https://github.com/npm/npm/issues>
45 verbose exit [ 1, true ]
